

Version:	3.10
CmdLine:	D:\desarrollo\workspace\JudicialesApp\ejecutable\setupJudicial.exe --l4j-debug
WOW64:		yes
Working dir:	D:\desarrollo\workspace\JudicialesApp\ejecutable\.
Java min ver:	1.0.0
Java max ver:	
32-bit search:	SOFTWARE\JavaSoft\Java Development Kit...
64-bit search:	SOFTWARE\JavaSoft\Java Development Kit...
Check:		SOFTWARE\JavaSoft\Java Development Kit\1.8
Check launcher:	C:\Program Files\Java\jdk1.8.0_77\jre\bin\javaw.exe (OK)
Match:		1.8
Check:		SOFTWARE\JavaSoft\Java Development Kit\1.8.0_77
Check launcher:	C:\Program Files\Java\jdk1.8.0_77\jre\bin\javaw.exe (OK)
Match:		1.8.0_077
32-bit search:	SOFTWARE\JavaSoft\Java Runtime Environment...
Check:		SOFTWARE\JavaSoft\Java Runtime Environment\1.8
Ignore:		1.8
Check:		SOFTWARE\JavaSoft\Java Runtime Environment\1.8.0_181
Check launcher:	C:\Program Files (x86)\Java\jre1.8.0_181\bin\javaw.exe (OK)
Match:		1.8.0_181
32-bit search:	SOFTWARE\JavaSoft\JDK...
32-bit search:	SOFTWARE\JavaSoft\JRE...
Runtime used:	1.8.0_181 (32-bit)
Main class:	gov.afip.dgi.agencia66.judiciales.JudicialesApp
Add classpath:	lib\itext5-itext-pdfa-5.5.11-javadoc.jar
Add classpath:	lib\itext5-itext-pdfa-5.5.11-sources.jar
Add classpath:	lib\itext5-itext-pdfa-5.5.11.jar
Add classpath:	lib\itext5-itext-xtra-5.5.11-javadoc.jar
Add classpath:	lib\itext5-itext-xtra-5.5.11-sources.jar
Add classpath:	lib\itext5-itext-xtra-5.5.11.jar
Add classpath:	lib\itext5-itextpdf-5.5.11-javadoc.jar
Add classpath:	lib\itext5-itextpdf-5.5.11-sources.jar
Add classpath:	lib\itext5-itextpdf-5.5.11.jar
Add classpath:	lib\itext5-xmlworker-5.5.11-javadoc.jar
Add classpath:	lib\itext5-xmlworker-5.5.11-sources.jar
Add classpath:	lib\itext5-xmlworker-5.5.11.jar
Launcher:	C:\Program Files (x86)\Java\jre1.8.0_181\bin\javaw.exe
Launcher args:	-classpath "D:\desarrollo\workspace\JudicialesApp\ejecutable\setupJudicial.exe;lib\itext5-itext-pdfa-5.5.11-javadoc.jar;lib\itext5-itext-pdfa-5.5.11-sources.jar;lib\itext5-itext-pdfa-5.5.11.jar;lib\itext5-itext-xtra-5.5.11-javadoc.jar;lib\itext5-itext-xtra-5.5.11-sources.jar;lib\itext5-itext-xtra-5.5.11.jar;lib\itext5-itextpdf-5.5.11-javadoc.jar;lib\itext5-itextpdf-5.5.11-sources.jar;lib\itext5-itextpdf-5.5.11.jar;lib\itext5-xmlworker-5.5.11-javadoc.jar;lib\itext5-xmlworker-5.5.11-sources.jar;lib\itext5-xmlworker-5.5.11.jar" gov.afip.dgi.agencia66.judiciales.JudicialesApp
Args length:	578/32768 chars
Exit code:	1


Version:	3.10
CmdLine:	D:\desarrollo\workspace\JudicialesApp\ejecutable\setupJudicial.exe --l4j-debug
WOW64:		yes
Working dir:	D:\desarrollo\workspace\JudicialesApp\ejecutable\.
Java min ver:	1.0.0
Java max ver:	
32-bit search:	SOFTWARE\JavaSoft\Java Development Kit...
64-bit search:	SOFTWARE\JavaSoft\Java Development Kit...
Check:		SOFTWARE\JavaSoft\Java Development Kit\1.8
Check launcher:	C:\Program Files\Java\jdk1.8.0_77\jre\bin\javaw.exe (OK)
Match:		1.8
Check:		SOFTWARE\JavaSoft\Java Development Kit\1.8.0_77
Check launcher:	C:\Program Files\Java\jdk1.8.0_77\jre\bin\javaw.exe (OK)
Match:		1.8.0_077
32-bit search:	SOFTWARE\JavaSoft\Java Runtime Environment...
Check:		SOFTWARE\JavaSoft\Java Runtime Environment\1.8
Ignore:		1.8
Check:		SOFTWARE\JavaSoft\Java Runtime Environment\1.8.0_181
Check launcher:	C:\Program Files (x86)\Java\jre1.8.0_181\bin\javaw.exe (OK)
Match:		1.8.0_181
32-bit search:	SOFTWARE\JavaSoft\JDK...
32-bit search:	SOFTWARE\JavaSoft\JRE...
Runtime used:	1.8.0_181 (32-bit)
Main class:	gov.afip.dgi.agencia66.judiciales.view.JudicialesApp
Add classpath:	lib\itext5-itext-pdfa-5.5.11-javadoc.jar
Add classpath:	lib\itext5-itext-pdfa-5.5.11-sources.jar
Add classpath:	lib\itext5-itext-pdfa-5.5.11.jar
Add classpath:	lib\itext5-itext-xtra-5.5.11-javadoc.jar
Add classpath:	lib\itext5-itext-xtra-5.5.11-sources.jar
Add classpath:	lib\itext5-itext-xtra-5.5.11.jar
Add classpath:	lib\itext5-itextpdf-5.5.11-javadoc.jar
Add classpath:	lib\itext5-itextpdf-5.5.11-sources.jar
Add classpath:	lib\itext5-itextpdf-5.5.11.jar
Add classpath:	lib\itext5-xmlworker-5.5.11-javadoc.jar
Add classpath:	lib\itext5-xmlworker-5.5.11-sources.jar
Add classpath:	lib\itext5-xmlworker-5.5.11.jar
Launcher:	C:\Program Files (x86)\Java\jre1.8.0_181\bin\javaw.exe
Launcher args:	-classpath "D:\desarrollo\workspace\JudicialesApp\ejecutable\setupJudicial.exe;lib\itext5-itext-pdfa-5.5.11-javadoc.jar;lib\itext5-itext-pdfa-5.5.11-sources.jar;lib\itext5-itext-pdfa-5.5.11.jar;lib\itext5-itext-xtra-5.5.11-javadoc.jar;lib\itext5-itext-xtra-5.5.11-sources.jar;lib\itext5-itext-xtra-5.5.11.jar;lib\itext5-itextpdf-5.5.11-javadoc.jar;lib\itext5-itextpdf-5.5.11-sources.jar;lib\itext5-itextpdf-5.5.11.jar;lib\itext5-xmlworker-5.5.11-javadoc.jar;lib\itext5-xmlworker-5.5.11-sources.jar;lib\itext5-xmlworker-5.5.11.jar" gov.afip.dgi.agencia66.judiciales.view.JudicialesApp
Args length:	583/32768 chars
Exit code:	1


Version:	3.10
CmdLine:	D:\desarrollo\workspace\JudicialesApp\ejecutable\setupJudicial.exe --l4j-debug
WOW64:		yes
Working dir:	D:\desarrollo\workspace\JudicialesApp\ejecutable\.
Java min ver:	1.0.0
Java max ver:	
32-bit search:	SOFTWARE\JavaSoft\Java Development Kit...
64-bit search:	SOFTWARE\JavaSoft\Java Development Kit...
Check:		SOFTWARE\JavaSoft\Java Development Kit\1.8
Check launcher:	C:\Program Files\Java\jdk1.8.0_77\jre\bin\javaw.exe (OK)
Match:		1.8
Check:		SOFTWARE\JavaSoft\Java Development Kit\1.8.0_77
Check launcher:	C:\Program Files\Java\jdk1.8.0_77\jre\bin\javaw.exe (OK)
Match:		1.8.0_077
32-bit search:	SOFTWARE\JavaSoft\Java Runtime Environment...
Check:		SOFTWARE\JavaSoft\Java Runtime Environment\1.8
Ignore:		1.8
Check:		SOFTWARE\JavaSoft\Java Runtime Environment\1.8.0_181
Check launcher:	C:\Program Files (x86)\Java\jre1.8.0_181\bin\javaw.exe (OK)
Match:		1.8.0_181
32-bit search:	SOFTWARE\JavaSoft\JDK...
32-bit search:	SOFTWARE\JavaSoft\JRE...
Runtime used:	1.8.0_181 (32-bit)
Main class:	gov.afip.dgi.agencia66.judiciales.view.JudicialApp
Add classpath:	lib\itext5-itext-pdfa-5.5.11-javadoc.jar
Add classpath:	lib\itext5-itext-pdfa-5.5.11-sources.jar
Add classpath:	lib\itext5-itext-pdfa-5.5.11.jar
Add classpath:	lib\itext5-itext-xtra-5.5.11-javadoc.jar
Add classpath:	lib\itext5-itext-xtra-5.5.11-sources.jar
Add classpath:	lib\itext5-itext-xtra-5.5.11.jar
Add classpath:	lib\itext5-itextpdf-5.5.11-javadoc.jar
Add classpath:	lib\itext5-itextpdf-5.5.11-sources.jar
Add classpath:	lib\itext5-itextpdf-5.5.11.jar
Add classpath:	lib\itext5-xmlworker-5.5.11-javadoc.jar
Add classpath:	lib\itext5-xmlworker-5.5.11-sources.jar
Add classpath:	lib\itext5-xmlworker-5.5.11.jar
Launcher:	C:\Program Files (x86)\Java\jre1.8.0_181\bin\javaw.exe
Launcher args:	-classpath "D:\desarrollo\workspace\JudicialesApp\ejecutable\setupJudicial.exe;lib\itext5-itext-pdfa-5.5.11-javadoc.jar;lib\itext5-itext-pdfa-5.5.11-sources.jar;lib\itext5-itext-pdfa-5.5.11.jar;lib\itext5-itext-xtra-5.5.11-javadoc.jar;lib\itext5-itext-xtra-5.5.11-sources.jar;lib\itext5-itext-xtra-5.5.11.jar;lib\itext5-itextpdf-5.5.11-javadoc.jar;lib\itext5-itextpdf-5.5.11-sources.jar;lib\itext5-itextpdf-5.5.11.jar;lib\itext5-xmlworker-5.5.11-javadoc.jar;lib\itext5-xmlworker-5.5.11-sources.jar;lib\itext5-xmlworker-5.5.11.jar" gov.afip.dgi.agencia66.judiciales.view.JudicialApp
Args length:	581/32768 chars
Exit code:	0


Version:	3.10
CmdLine:	D:\desarrollo\workspace\JudicialesApp\ejecutable\setupJudicial.exe --l4j-debug
WOW64:		yes
Working dir:	D:\desarrollo\workspace\JudicialesApp\ejecutable\.
Java min ver:	1.0.0
Java max ver:	
32-bit search:	SOFTWARE\JavaSoft\Java Development Kit...
64-bit search:	SOFTWARE\JavaSoft\Java Development Kit...
Check:		SOFTWARE\JavaSoft\Java Development Kit\1.8
Check launcher:	C:\Program Files\Java\jdk1.8.0_77\jre\bin\javaw.exe (OK)
Match:		1.8
Check:		SOFTWARE\JavaSoft\Java Development Kit\1.8.0_77
Check launcher:	C:\Program Files\Java\jdk1.8.0_77\jre\bin\javaw.exe (OK)
Match:		1.8.0_077
32-bit search:	SOFTWARE\JavaSoft\Java Runtime Environment...
Check:		SOFTWARE\JavaSoft\Java Runtime Environment\1.8
Ignore:		1.8
Check:		SOFTWARE\JavaSoft\Java Runtime Environment\1.8.0_181
Check launcher:	C:\Program Files (x86)\Java\jre1.8.0_181\bin\javaw.exe (OK)
Match:		1.8.0_181
32-bit search:	SOFTWARE\JavaSoft\JDK...
32-bit search:	SOFTWARE\JavaSoft\JRE...
Runtime used:	1.8.0_181 (32-bit)
Main class:	gov.afip.dgi.agencia66.judiciales.view.JudicialApp
Add classpath:	lib\itext5-itext-pdfa-5.5.11-javadoc.jar
Add classpath:	lib\itext5-itext-pdfa-5.5.11-sources.jar
Add classpath:	lib\itext5-itext-pdfa-5.5.11.jar
Add classpath:	lib\itext5-itext-xtra-5.5.11-javadoc.jar
Add classpath:	lib\itext5-itext-xtra-5.5.11-sources.jar
Add classpath:	lib\itext5-itext-xtra-5.5.11.jar
Add classpath:	lib\itext5-itextpdf-5.5.11-javadoc.jar
Add classpath:	lib\itext5-itextpdf-5.5.11-sources.jar
Add classpath:	lib\itext5-itextpdf-5.5.11.jar
Add classpath:	lib\itext5-xmlworker-5.5.11-javadoc.jar
Add classpath:	lib\itext5-xmlworker-5.5.11-sources.jar
Add classpath:	lib\itext5-xmlworker-5.5.11.jar
Launcher:	C:\Program Files (x86)\Java\jre1.8.0_181\bin\javaw.exe
Launcher args:	-classpath "D:\desarrollo\workspace\JudicialesApp\ejecutable\setupJudicial.exe;lib\itext5-itext-pdfa-5.5.11-javadoc.jar;lib\itext5-itext-pdfa-5.5.11-sources.jar;lib\itext5-itext-pdfa-5.5.11.jar;lib\itext5-itext-xtra-5.5.11-javadoc.jar;lib\itext5-itext-xtra-5.5.11-sources.jar;lib\itext5-itext-xtra-5.5.11.jar;lib\itext5-itextpdf-5.5.11-javadoc.jar;lib\itext5-itextpdf-5.5.11-sources.jar;lib\itext5-itextpdf-5.5.11.jar;lib\itext5-xmlworker-5.5.11-javadoc.jar;lib\itext5-xmlworker-5.5.11-sources.jar;lib\itext5-xmlworker-5.5.11.jar" gov.afip.dgi.agencia66.judiciales.view.JudicialApp
Args length:	581/32768 chars
Exit code:	0


Version:	3.10
CmdLine:	D:\desarrollo\workspace\JudicialesApp\ejecutable\JudicialApp.exe --l4j-debug
WOW64:		yes
Working dir:	D:\desarrollo\workspace\JudicialesApp\ejecutable\.
Java min ver:	1.0.0
Java max ver:	
32-bit search:	SOFTWARE\JavaSoft\Java Development Kit...
64-bit search:	SOFTWARE\JavaSoft\Java Development Kit...
Check:		SOFTWARE\JavaSoft\Java Development Kit\1.8
Check launcher:	C:\Program Files\Java\jdk1.8.0_77\jre\bin\javaw.exe (OK)
Match:		1.8
Check:		SOFTWARE\JavaSoft\Java Development Kit\1.8.0_77
Check launcher:	C:\Program Files\Java\jdk1.8.0_77\jre\bin\javaw.exe (OK)
Match:		1.8.0_077
32-bit search:	SOFTWARE\JavaSoft\Java Runtime Environment...
Check:		SOFTWARE\JavaSoft\Java Runtime Environment\1.8
Ignore:		1.8
Check:		SOFTWARE\JavaSoft\Java Runtime Environment\1.8.0_181
Check launcher:	C:\Program Files (x86)\Java\jre1.8.0_181\bin\javaw.exe (OK)
Match:		1.8.0_181
32-bit search:	SOFTWARE\JavaSoft\JDK...
32-bit search:	SOFTWARE\JavaSoft\JRE...
Runtime used:	1.8.0_181 (32-bit)
Main class:	gov.afip.dgi.agencia66.judiciales.view.JudicialApp
Add classpath:	lib\itext5-itext-pdfa-5.5.11-javadoc.jar
Add classpath:	lib\itext5-itext-pdfa-5.5.11-sources.jar
Add classpath:	lib\itext5-itext-pdfa-5.5.11.jar
Add classpath:	lib\itext5-itext-xtra-5.5.11-javadoc.jar
Add classpath:	lib\itext5-itext-xtra-5.5.11-sources.jar
Add classpath:	lib\itext5-itext-xtra-5.5.11.jar
Add classpath:	lib\itext5-itextpdf-5.5.11-javadoc.jar
Add classpath:	lib\itext5-itextpdf-5.5.11-sources.jar
Add classpath:	lib\itext5-itextpdf-5.5.11.jar
Add classpath:	lib\itext5-xmlworker-5.5.11-javadoc.jar
Add classpath:	lib\itext5-xmlworker-5.5.11-sources.jar
Add classpath:	lib\itext5-xmlworker-5.5.11.jar
Launcher:	C:\Program Files (x86)\Java\jre1.8.0_181\bin\javaw.exe
Launcher args:	-classpath "D:\desarrollo\workspace\JudicialesApp\ejecutable\JudicialApp.exe;lib\itext5-itext-pdfa-5.5.11-javadoc.jar;lib\itext5-itext-pdfa-5.5.11-sources.jar;lib\itext5-itext-pdfa-5.5.11.jar;lib\itext5-itext-xtra-5.5.11-javadoc.jar;lib\itext5-itext-xtra-5.5.11-sources.jar;lib\itext5-itext-xtra-5.5.11.jar;lib\itext5-itextpdf-5.5.11-javadoc.jar;lib\itext5-itextpdf-5.5.11-sources.jar;lib\itext5-itextpdf-5.5.11.jar;lib\itext5-xmlworker-5.5.11-javadoc.jar;lib\itext5-xmlworker-5.5.11-sources.jar;lib\itext5-xmlworker-5.5.11.jar" gov.afip.dgi.agencia66.judiciales.view.JudicialApp
Args length:	579/32768 chars
Exit code:	0
